  [1m[36m (1.0ms)[0m  [1mCREATE TABLE "schema_migrations" ("version" varchar(255) NOT NULL) [0m
  [1m[35m (0.4ms)[0m  select sqlite_version(*)
  [1m[36m (0.7ms)[0m  [1mCREATE UNIQUE INDEX "unique_schema_migrations" ON "schema_migrations" ("version")[0m
  [1m[35mActiveRecord::SchemaMigration Load (0.1ms)[0m  SELECT "schema_migrations".* FROM "schema_migrations"
Migrating to DeviseCreateUsers (20140504181436)
  [1m[36m (0.1ms)[0m  [1mbegin transaction[0m
  [1m[35m (0.5ms)[0m  CREATE TABLE "users" ("id" INTEGER PRIMARY KEY AUTOINCREMENT NOT NULL, "email" varchar(255) DEFAULT '' NOT NULL, "encrypted_password" varchar(255) DEFAULT '' NOT NULL, "reset_password_token" varchar(255), "reset_password_sent_at" datetime, "remember_created_at" datetime, "sign_in_count" integer DEFAULT 0 NOT NULL, "current_sign_in_at" datetime, "last_sign_in_at" datetime, "current_sign_in_ip" varchar(255), "last_sign_in_ip" varchar(255), "created_at" datetime, "updated_at" datetime) 
  [1m[36m (1.6ms)[0m  [1mCREATE UNIQUE INDEX "index_users_on_email" ON "users" ("email")[0m
  [1m[35m (0.1ms)[0m              SELECT sql
            FROM sqlite_master
            WHERE name='index_users_on_email' AND type='index'
            UNION ALL
            SELECT sql
            FROM sqlite_temp_master
            WHERE name='index_users_on_email' AND type='index'

  [1m[36m (0.1ms)[0m  [1mCREATE UNIQUE INDEX "index_users_on_reset_password_token" ON "users" ("reset_password_token")[0m
  [1m[35mSQL (0.3ms)[0m  INSERT INTO "schema_migrations" ("version") VALUES (?)  [["version", "20140504181436"]]
  [1m[36m (1.0ms)[0m  [1mcommit transaction[0m
Migrating to AddNameToUsers (20140504181439)
  [1m[35m (0.1ms)[0m  begin transaction
  [1m[36m (0.9ms)[0m  [1mALTER TABLE "users" ADD "name" varchar(255)[0m
  [1m[35mSQL (0.1ms)[0m  INSERT INTO "schema_migrations" ("version") VALUES (?)  [["version", "20140504181439"]]
  [1m[36m (0.7ms)[0m  [1mcommit transaction[0m
Migrating to AddRoleToUsers (20140504181443)
  [1m[35m (0.1ms)[0m  begin transaction
  [1m[36m (0.4ms)[0m  [1mALTER TABLE "users" ADD "role" integer[0m
  [1m[35mSQL (0.1ms)[0m  INSERT INTO "schema_migrations" ("version") VALUES (?)  [["version", "20140504181443"]]
  [1m[36m (0.7ms)[0m  [1mcommit transaction[0m
  [1m[35mActiveRecord::SchemaMigration Load (0.1ms)[0m  SELECT "schema_migrations".* FROM "schema_migrations"
  [1m[36m (0.1ms)[0m  [1m            SELECT sql
            FROM sqlite_master
            WHERE name='index_users_on_reset_password_token' AND type='index'
            UNION ALL
            SELECT sql
            FROM sqlite_temp_master
            WHERE name='index_users_on_reset_password_token' AND type='index'
[0m
  [1m[35m (0.2ms)[0m              SELECT sql
            FROM sqlite_master
            WHERE name='index_users_on_email' AND type='index'
            UNION ALL
            SELECT sql
            FROM sqlite_temp_master
            WHERE name='index_users_on_email' AND type='index'

  [1m[36mActiveRecord::SchemaMigration Load (0.1ms)[0m  [1mSELECT "schema_migrations".* FROM "schema_migrations"[0m
  [1m[35mUser Load (0.1ms)[0m  SELECT  "users".* FROM "users"  WHERE "users"."email" = 'user@example.com' LIMIT 1
  [1m[36m (0.1ms)[0m  [1mbegin transaction[0m
  [1m[35mUser Exists (0.2ms)[0m  SELECT  1 AS one FROM "users"  WHERE "users"."email" = 'user@example.com' LIMIT 1
Binary data inserted for `string` type on column `encrypted_password`
  [1m[36mSQL (0.5ms)[0m  [1mINSERT INTO "users" ("created_at", "email", "encrypted_password", "role", "updated_at") VALUES (?, ?, ?, ?, ?)[0m  [["created_at", "2014-05-04 18:15:28.217669"], ["email", "user@example.com"], ["encrypted_password", "$2a$10$MdnRu65sUC/yf..kJsjPiOmZJNz3t3MkLpA4kZ5GPLgFEX6201EJa"], ["role", 2], ["updated_at", "2014-05-04 18:15:28.217669"]]
  [1m[35m (0.8ms)[0m  commit transaction
  [1m[36m (0.1ms)[0m  [1mbegin transaction[0m
  [1m[35m (0.0ms)[0m  commit transaction


Started GET "/" for 127.0.0.1 at 2014-05-04 11:25:58 -0700
  [1m[36mActiveRecord::SchemaMigration Load (0.5ms)[0m  [1mSELECT "schema_migrations".* FROM "schema_migrations"[0m
Processing by HomeController#index as HTML
  Rendered home/index.html.haml within layouts/application (3.6ms)
  Rendered layouts/_navigation_links.html.erb (9.7ms)
  Rendered layouts/_navigation.html.haml (15.1ms)
  Rendered layouts/_messages.html.haml (2.6ms)
Completed 200 OK in 4707ms (Views: 4694.5ms | ActiveRecord: 0.0ms)


Started GET "/users/sign_in" for 127.0.0.1 at 2014-05-04 11:26:05 -0700
Processing by Devise::SessionsController#new as HTML
  Rendered devise/sessions/new.html.erb within layouts/application (68.9ms)
  Rendered layouts/_navigation_links.html.erb (0.4ms)
  Rendered layouts/_navigation.html.haml (1.4ms)
  Rendered layouts/_messages.html.haml (0.1ms)
Completed 200 OK in 106ms (Views: 85.1ms | ActiveRecord: 0.5ms)


Started GET "/users/sign_in" for 127.0.0.1 at 2014-05-04 11:26:32 -0700
  [1m[36mActiveRecord::SchemaMigration Load (0.1ms)[0m  [1mSELECT "schema_migrations".* FROM "schema_migrations"[0m
Processing by Devise::SessionsController#new as HTML
  Rendered devise/sessions/new.html.erb within layouts/application (63.5ms)
  Rendered layouts/_navigation_links.html.erb (1.2ms)
  Rendered layouts/_navigation.html.haml (6.2ms)
  Rendered layouts/_messages.html.haml (2.4ms)
Completed 200 OK in 299ms (Views: 265.2ms | ActiveRecord: 0.4ms)


Started POST "/users/sign_in" for 127.0.0.1 at 2014-05-04 11:26:34 -0700
Processing by Devise::SessionsController#create as HTML
  Parameters: {"utf8"=>"✓", "authenticity_token"=>"NzsAb9UZxbHh5DseZOTaaun7s84bkbUNuBCgKU19Mgs=", "user"=>{"email"=>"user@example.com", "password"=>"[FILTERED]", "remember_me"=>"0"}, "commit"=>"Log in"}
  [1m[35mUser Load (0.8ms)[0m  SELECT  "users".* FROM "users"  WHERE "users"."email" = 'user@example.com'  ORDER BY "users"."id" ASC LIMIT 1
  [1m[36m (0.1ms)[0m  [1mbegin transaction[0m
Binary data inserted for `string` type on column `current_sign_in_ip`
Binary data inserted for `string` type on column `last_sign_in_ip`
  [1m[35mSQL (0.5ms)[0m  UPDATE "users" SET "current_sign_in_at" = ?, "current_sign_in_ip" = ?, "last_sign_in_at" = ?, "last_sign_in_ip" = ?, "sign_in_count" = ?, "updated_at" = ? WHERE "users"."id" = 1  [["current_sign_in_at", "2014-05-04 18:26:34.659586"], ["current_sign_in_ip", "127.0.0.1"], ["last_sign_in_at", "2014-05-04 18:26:34.659586"], ["last_sign_in_ip", "127.0.0.1"], ["sign_in_count", 1], ["updated_at", "2014-05-04 18:26:34.661160"]]
  [1m[36m (0.8ms)[0m  [1mcommit transaction[0m
Redirected to http://localhost:3000/
Completed 302 Found in 119ms (ActiveRecord: 2.1ms)


Started GET "/" for 127.0.0.1 at 2014-05-04 11:26:34 -0700
Processing by HomeController#index as HTML
  Rendered home/index.html.haml within layouts/application (1.8ms)
  [1m[35mUser Load (0.2ms)[0m  SELECT  "users".* FROM "users"  WHERE "users"."id" = 1  ORDER BY "users"."id" ASC LIMIT 1
  Rendered layouts/_navigation_links.html.erb (1.7ms)
  Rendered layouts/_navigation.html.haml (2.6ms)
  Rendered layouts/_messages.html.haml (0.2ms)
Completed 200 OK in 20ms (Views: 18.6ms | ActiveRecord: 0.2ms)


Started GET "/" for 127.0.0.1 at 2014-05-04 11:26:36 -0700
Processing by HomeController#index as HTML
  Rendered home/index.html.haml within layouts/application (1.6ms)
  [1m[36mUser Load (0.2ms)[0m  [1mSELECT  "users".* FROM "users"  WHERE "users"."id" = 1  ORDER BY "users"."id" ASC LIMIT 1[0m
  Rendered layouts/_navigation_links.html.erb (2.6ms)
  Rendered layouts/_navigation.html.haml (7.0ms)
  Rendered layouts/_messages.html.haml (49.7ms)
Completed 200 OK in 73ms (Views: 71.8ms | ActiveRecord: 0.2ms)


Started GET "/users" for 127.0.0.1 at 2014-05-04 11:26:37 -0700
Processing by UsersController#index as HTML
  [1m[35mUser Load (0.2ms)[0m  SELECT  "users".* FROM "users"  WHERE "users"."id" = 1  ORDER BY "users"."id" ASC LIMIT 1
  [1m[36mUser Load (0.2ms)[0m  [1mSELECT "users".* FROM "users"[0m
  Rendered users/_user.html.haml (8.4ms)
  Rendered users/index.html.haml within layouts/application (13.7ms)
  Rendered layouts/_navigation_links.html.erb (0.4ms)
  Rendered layouts/_navigation.html.haml (1.6ms)
  Rendered layouts/_messages.html.haml (0.2ms)
Completed 200 OK in 38ms (Views: 33.3ms | ActiveRecord: 0.4ms)


Started GET "/users/1" for 127.0.0.1 at 2014-05-04 11:26:40 -0700
Processing by UsersController#show as HTML
  Parameters: {"id"=>"1"}
  [1m[35mUser Load (0.2ms)[0m  SELECT  "users".* FROM "users"  WHERE "users"."id" = 1  ORDER BY "users"."id" ASC LIMIT 1
  [1m[36mUser Load (0.2ms)[0m  [1mSELECT  "users".* FROM "users"  WHERE "users"."id" = ? LIMIT 1[0m  [["id", 1]]
  Rendered users/show.html.haml within layouts/application (3.2ms)
  Rendered layouts/_navigation_links.html.erb (0.6ms)
  Rendered layouts/_navigation.html.haml (2.0ms)
  Rendered layouts/_messages.html.haml (0.2ms)
Completed 200 OK in 27ms (Views: 24.2ms | ActiveRecord: 0.4ms)


Started GET "/" for 127.0.0.1 at 2014-05-04 11:26:42 -0700
Processing by HomeController#index as HTML
  Rendered home/index.html.haml within layouts/application (0.2ms)
  [1m[35mUser Load (0.2ms)[0m  SELECT  "users".* FROM "users"  WHERE "users"."id" = 1  ORDER BY "users"."id" ASC LIMIT 1
  Rendered layouts/_navigation_links.html.erb (2.6ms)
  Rendered layouts/_navigation.html.haml (3.9ms)
  Rendered layouts/_messages.html.haml (0.2ms)
Completed 200 OK in 19ms (Views: 17.9ms | ActiveRecord: 0.2ms)
